0 verbose cli C:\Program Files\nodejs\node.exe C:\Users\User\AppData\Roaming\npm\node_modules\npm\bin\npm-cli.js
1 info using npm@11.2.0
2 info using node@v20.18.0
3 silly config load:file:C:\Users\User\AppData\Roaming\npm\node_modules\npm\npmrc
4 silly config load:file:E:\Web development\PW Skills\Projects\HTML & CSS\Animated Login Page\.npmrc
5 silly config load:file:C:\Users\User\.npmrc
6 silly config load:file:C:\Users\User\AppData\Roaming\npm\etc\npmrc
7 verbose title npm init
8 verbose argv "init" "--yes"
9 verbose logfile logs-max:10 dir:E:\Web development\PW Skills\Projects\HTML & CSS\Animated Login Page\npm_cache\_logs\2025-06-13T14_33_33_833Z-
10 verbose logfile E:\Web development\PW Skills\Projects\HTML & CSS\Animated Login Page\npm_cache\_logs\2025-06-13T14_33_33_833Z-debug-0.log
11 silly logfile done cleaning log files
12 silly package data {
12 silly package data   name: 'animated-login-page',
12 silly package data   version: '1.0.0',
12 silly package data   description: '',
12 silly package data   main: 'index.js',
12 silly package data   scripts: { test: 'echo "Error: no test specified" && exit 1' },
12 silly package data   keywords: [],
12 silly package data   author: '',
12 silly package data   license: 'ISC',
12 silly package data   type: 'commonjs'
12 silly package data }
13 verbose cwd E:\Web development\PW Skills\Projects\HTML & CSS\Animated Login Page
14 verbose os Windows_NT 10.0.18363
15 verbose node v20.18.0
16 verbose npm  v11.2.0
17 verbose exit 0
18 info ok
